2019-03-19 14:00:49,359 - BrowserEngine - INFO - You had select Chrome browser !
2019-03-19 14:00:49,359 - BrowserEngine - INFO - The test server url is: https://www.baidu.com
2019-03-19 14:00:51,811 - BrowserEngine - INFO - Starting Chrome browser.
2019-03-19 14:00:52,429 - BrowserEngine - INFO - Open url: https://www.baidu.com
2019-03-19 14:00:53,552 - BrowserEngine - INFO - Maximize the current window.
2019-03-19 14:00:53,558 - BrowserEngine - INFO - Set implicitly wait 10 seconds.
2019-03-19 14:00:53,590 - BasePage - INFO - Had find the element  successful by id via value: kw 
2019-03-19 14:00:53,799 - BasePage - INFO - Had type ' selenium ' in inputBox
2019-03-19 14:00:53,817 - BasePage - INFO - Had find the element  successful by xpath via value: //*[@id='su'] 
2019-03-19 14:00:53,897 - BasePage - INFO - The element  was clicked.
2019-03-19 14:00:55,898 - BasePage - INFO - Sleep for 2 seconds
2019-03-19 14:00:56,290 - BasePage - INFO - Had take screenshot and save to folder : /screenshots
2019-03-19 14:00:56,296 - BasePage - INFO - Current page title is selenium_百度搜索
2019-03-19 14:00:56,309 - BasePage - INFO - Had find the element  successful by id via value: kw 
2019-03-19 14:00:56,380 - BasePage - INFO - Had type ' 滑稽 ' in inputBox
2019-03-19 14:00:56,391 - BasePage - INFO - Had find the element  successful by xpath via value: //*[@id='su'] 
2019-03-19 14:00:56,447 - BasePage - INFO - The element  was clicked.
2019-03-19 14:00:58,448 - BasePage - INFO - Sleep for 2 seconds
2019-03-19 14:00:58,981 - BasePage - INFO - Had take screenshot and save to folder : /screenshots
2019-03-19 14:01:01,373 - BasePage - INFO - 退出浏览器，结束测试.
2019-03-19 14:01:01,375 - BrowserEngine - INFO - You had select Chrome browser !
2019-03-19 14:01:01,376 - BrowserEngine - INFO - The test server url is: https://www.baidu.com
2019-03-19 14:01:03,665 - BrowserEngine - INFO - Starting Chrome browser.
2019-03-19 14:01:04,244 - BrowserEngine - INFO - Open url: https://www.baidu.com
2019-03-19 14:01:05,386 - BrowserEngine - INFO - Maximize the current window.
2019-03-19 14:01:05,392 - BrowserEngine - INFO - Set implicitly wait 10 seconds.
2019-03-19 14:01:05,411 - BasePage - INFO - Current page title is 百度一下，你就知道
2019-03-19 14:01:07,725 - BasePage - INFO - 退出浏览器，结束测试.
2019-03-19 14:01:07,726 - BrowserEngine - INFO - You had select Chrome browser !
2019-03-19 14:01:07,726 - BrowserEngine - INFO - The test server url is: https://www.baidu.com
2019-03-19 14:01:09,993 - BrowserEngine - INFO - Starting Chrome browser.
2019-03-19 14:01:12,222 - BrowserEngine - INFO - Open url: https://www.baidu.com
2019-03-19 14:01:13,345 - BrowserEngine - INFO - Maximize the current window.
2019-03-19 14:01:13,349 - BrowserEngine - INFO - Set implicitly wait 10 seconds.
2019-03-19 14:01:13,375 - BasePage - INFO - Had find the element  successful by xpath via value: //*[@id='u1']/a[1] 
2019-03-19 14:01:15,723 - BasePage - INFO - The element  was clicked.
2019-03-19 14:01:17,724 - BasePage - INFO - Sleep for 2 seconds
2019-03-19 14:01:17,742 - BasePage - INFO - Had find the element  successful by xpath via value: //*[@id='channel-shanghai']/div/ul/li[7]/a 
2019-03-19 14:01:18,576 - BasePage - INFO - The element  was clicked.
2019-03-19 14:01:20,577 - BasePage - INFO - Sleep for 2 seconds
2019-03-19 14:01:20,595 - BasePage - INFO - Had find the element  successful by xpath via value: //*[@id='col_nba']/div[1]/div[2]/ul[1]/li[1]/a 
2019-03-19 14:01:20,754 - BasePage - INFO - The element  was clicked.
2019-03-19 14:01:22,756 - BasePage - INFO - Sleep for 2 seconds
2019-03-19 14:01:23,390 - BasePage - INFO - Had take screenshot and save to folder : /screenshots
2019-03-19 14:01:26,939 - BasePage - INFO - 退出浏览器，结束测试.
