2019-04-02 16:57:43,352 - BrowserEngine - INFO - You had select Chrome browser !
2019-04-02 16:57:43,353 - BrowserEngine - INFO - The test server url is: https://www.baidu.com
2019-04-02 16:57:49,675 - BrowserEngine - INFO - Starting Chrome browser.
2019-04-02 16:57:51,870 - BrowserEngine - INFO - Open url: https://www.baidu.com
2019-04-02 16:57:52,996 - BrowserEngine - INFO - Maximize the current window.
2019-04-02 16:57:53,065 - BrowserEngine - INFO - Set implicitly wait 10 seconds.
2019-04-02 16:57:53,094 - BasePage - INFO - Had find the element  successful by id via value: kw 
2019-04-02 16:57:53,297 - BasePage - INFO - Had type ' selenium ' in inputBox
2019-04-02 16:57:53,319 - BasePage - INFO - Had find the element  successful by xpath via value: //*[@id='su'] 
2019-04-02 16:57:53,400 - BasePage - INFO - The element  was clicked.
2019-04-02 16:57:55,400 - BasePage - INFO - Sleep for 2 seconds
2019-04-02 16:57:55,828 - BasePage - INFO - Had take screenshot and save to folder : /screenshots
2019-04-02 16:57:55,835 - BasePage - INFO - Current page title is selenium_百度搜索
2019-04-02 16:57:55,849 - BasePage - INFO - Had find the element  successful by id via value: kw 
2019-04-02 16:57:55,929 - BasePage - INFO - Had type ' 滑稽 ' in inputBox
2019-04-02 16:57:55,941 - BasePage - INFO - Had find the element  successful by xpath via value: //*[@id='su'] 
2019-04-02 16:57:55,995 - BasePage - INFO - The element  was clicked.
2019-04-02 16:57:57,995 - BasePage - INFO - Sleep for 2 seconds
2019-04-02 16:57:58,547 - BasePage - INFO - Had take screenshot and save to folder : /screenshots
2019-04-02 16:58:01,012 - BasePage - INFO - 退出浏览器，结束测试.
2019-04-02 16:58:01,014 - BrowserEngine - INFO - You had select Chrome browser !
2019-04-02 16:58:01,015 - BrowserEngine - INFO - The test server url is: https://www.baidu.com
2019-04-02 16:58:03,624 - BrowserEngine - INFO - Starting Chrome browser.
2019-04-02 16:58:04,190 - BrowserEngine - INFO - Open url: https://www.baidu.com
2019-04-02 16:58:05,311 - BrowserEngine - INFO - Maximize the current window.
2019-04-02 16:58:05,315 - BrowserEngine - INFO - Set implicitly wait 10 seconds.
2019-04-02 16:58:05,327 - BasePage - INFO - Current page title is 百度一下，你就知道
2019-04-02 16:58:07,659 - BasePage - INFO - 退出浏览器，结束测试.
2019-04-02 16:58:07,661 - BrowserEngine - INFO - You had select Chrome browser !
2019-04-02 16:58:07,662 - BrowserEngine - INFO - The test server url is: https://www.baidu.com
2019-04-02 16:58:09,948 - BrowserEngine - INFO - Starting Chrome browser.
2019-04-02 16:58:10,501 - BrowserEngine - INFO - Open url: https://www.baidu.com
2019-04-02 16:58:11,642 - BrowserEngine - INFO - Maximize the current window.
2019-04-02 16:58:11,644 - BrowserEngine - INFO - Set implicitly wait 10 seconds.
2019-04-02 16:58:11,675 - BasePage - INFO - Had find the element  successful by xpath via value: //*[@id='u1']/a[1] 
2019-04-02 16:58:13,018 - BasePage - INFO - The element  was clicked.
2019-04-02 16:58:15,019 - BasePage - INFO - Sleep for 2 seconds
2019-04-02 16:58:15,044 - BasePage - INFO - Had find the element  successful by xpath via value: //*[@id='channel-shanghai']/div/ul/li[7]/a 
2019-04-02 16:58:15,612 - BasePage - INFO - The element  was clicked.
2019-04-02 16:58:17,613 - BasePage - INFO - Sleep for 2 seconds
2019-04-02 16:58:17,634 - BasePage - INFO - Had find the element  successful by xpath via value: //*[@id='col_nba']/div[1]/div[2]/ul[1]/li[1]/a 
2019-04-02 16:58:17,834 - BasePage - INFO - The element  was clicked.
2019-04-02 16:58:19,836 - BasePage - INFO - Sleep for 2 seconds
2019-04-02 16:58:20,467 - BasePage - INFO - Had take screenshot and save to folder : /screenshots
2019-04-02 16:58:22,964 - BasePage - INFO - 退出浏览器，结束测试.
