2019-03-19 13:43:58,615 - BrowserEngine - INFO - You had select Chrome browser !
2019-03-19 13:43:58,617 - BrowserEngine - INFO - The test server url is: https://www.baidu.com
2019-03-19 13:44:03,048 - BrowserEngine - INFO - Starting Chrome browser.
2019-03-19 13:44:03,775 - BrowserEngine - INFO - Open url: https://www.baidu.com
2019-03-19 13:44:04,909 - BrowserEngine - INFO - Maximize the current window.
2019-03-19 13:44:04,911 - BrowserEngine - INFO - Set implicitly wait 10 seconds.
2019-03-19 13:44:04,958 - BasePage - INFO - Had find the element  successful by id via value: kw 
2019-03-19 13:44:05,137 - BasePage - INFO - Had type ' selenium ' in inputBox
2019-03-19 13:44:05,167 - BasePage - INFO - Had find the element  successful by xpath via value: //*[@id='su'] 
2019-03-19 13:44:05,297 - BasePage - INFO - The element  was clicked.
2019-03-19 13:44:07,298 - BasePage - INFO - Sleep for 2 seconds
2019-03-19 13:44:07,790 - BasePage - INFO - Had take screenshot and save to folder : /screenshots
2019-03-19 13:44:07,807 - BasePage - INFO - Current page title is selenium_百度搜索
2019-03-19 13:44:07,825 - BasePage - INFO - Had find the element  successful by id via value: kw 
2019-03-19 13:44:07,897 - BasePage - INFO - Had type ' 滑稽 ' in inputBox
2019-03-19 13:44:07,906 - BasePage - INFO - Had find the element  successful by xpath via value: //*[@id='su'] 
2019-03-19 13:44:07,974 - BasePage - INFO - The element  was clicked.
2019-03-19 13:44:09,975 - BasePage - INFO - Sleep for 2 seconds
2019-03-19 13:44:10,549 - BasePage - INFO - Had take screenshot and save to folder : /screenshots
2019-03-19 13:44:12,955 - BasePage - INFO - 退出浏览器，结束测试.
2019-03-19 13:44:13,005 - BrowserEngine - INFO - You had select Chrome browser !
2019-03-19 13:44:13,005 - BrowserEngine - INFO - The test server url is: https://www.baidu.com
2019-03-19 13:44:15,684 - BrowserEngine - INFO - Starting Chrome browser.
2019-03-19 13:44:16,322 - BrowserEngine - INFO - Open url: https://www.baidu.com
2019-03-19 13:44:17,483 - BrowserEngine - INFO - Maximize the current window.
2019-03-19 13:44:17,488 - BrowserEngine - INFO - Set implicitly wait 10 seconds.
2019-03-19 13:44:17,504 - BasePage - INFO - Current page title is 百度一下，你就知道
2019-03-19 13:44:19,862 - BasePage - INFO - 退出浏览器，结束测试.
