2019-03-19 16:52:17,167 - BrowserEngine - INFO - You had select Chrome browser !
2019-03-19 16:52:17,167 - BrowserEngine - INFO - The test server url is: https://www.baidu.com
2019-03-19 16:52:23,779 - BrowserEngine - INFO - Starting Chrome browser.
2019-03-19 16:52:24,588 - BrowserEngine - INFO - Open url: https://www.baidu.com
2019-03-19 16:52:25,713 - BrowserEngine - INFO - Maximize the current window.
2019-03-19 16:52:25,767 - BrowserEngine - INFO - Set implicitly wait 10 seconds.
2019-03-19 16:52:28,140 - BasePage - INFO - 退出浏览器，结束测试.
2019-03-19 16:52:28,214 - BrowserEngine - INFO - You had select Chrome browser !
2019-03-19 16:52:28,214 - BrowserEngine - INFO - The test server url is: https://www.baidu.com
2019-03-19 16:52:30,624 - BrowserEngine - INFO - Starting Chrome browser.
2019-03-19 16:52:31,367 - BrowserEngine - INFO - Open url: https://www.baidu.com
2019-03-19 16:52:32,495 - BrowserEngine - INFO - Maximize the current window.
2019-03-19 16:52:32,497 - BrowserEngine - INFO - Set implicitly wait 10 seconds.
2019-03-19 16:52:32,509 - BasePage - INFO - Current page title is 百度一下，你就知道
2019-03-19 16:52:34,826 - BasePage - INFO - 退出浏览器，结束测试.
2019-03-19 16:52:34,827 - BrowserEngine - INFO - You had select Chrome browser !
2019-03-19 16:52:34,827 - BrowserEngine - INFO - The test server url is: https://www.baidu.com
2019-03-19 16:52:37,215 - BrowserEngine - INFO - Starting Chrome browser.
2019-03-19 16:52:37,926 - BrowserEngine - INFO - Open url: https://www.baidu.com
2019-03-19 16:52:39,059 - BrowserEngine - INFO - Maximize the current window.
2019-03-19 16:52:39,066 - BrowserEngine - INFO - Set implicitly wait 10 seconds.
2019-03-19 16:52:41,364 - BasePage - INFO - 退出浏览器，结束测试.
