2019-03-19 13:45:59,663 - BrowserEngine - INFO - You had select Chrome browser !
2019-03-19 13:45:59,664 - BrowserEngine - INFO - The test server url is: https://www.baidu.com
2019-03-19 13:46:02,005 - BrowserEngine - INFO - Starting Chrome browser.
2019-03-19 13:46:02,547 - BrowserEngine - INFO - Open url: https://www.baidu.com
2019-03-19 13:46:03,676 - BrowserEngine - INFO - Maximize the current window.
2019-03-19 13:46:03,680 - BrowserEngine - INFO - Set implicitly wait 10 seconds.
2019-03-19 13:46:03,714 - BasePage - INFO - Had find the element  successful by id via value: kw 
2019-03-19 13:46:03,933 - BasePage - INFO - Had type ' selenium ' in inputBox
2019-03-19 13:46:03,957 - BasePage - INFO - Had find the element  successful by xpath via value: //*[@id='su'] 
2019-03-19 13:46:04,034 - BasePage - INFO - The element  was clicked.
2019-03-19 13:46:06,034 - BasePage - INFO - Sleep for 2 seconds
2019-03-19 13:46:06,448 - BasePage - INFO - Had take screenshot and save to folder : /screenshots
2019-03-19 13:46:06,454 - BasePage - INFO - Current page title is selenium_百度搜索
2019-03-19 13:46:06,465 - BasePage - INFO - Had find the element  successful by id via value: kw 
2019-03-19 13:46:06,529 - BasePage - INFO - Had type ' 滑稽 ' in inputBox
2019-03-19 13:46:06,540 - BasePage - INFO - Had find the element  successful by xpath via value: //*[@id='su'] 
2019-03-19 13:46:06,589 - BasePage - INFO - The element  was clicked.
2019-03-19 13:46:08,591 - BasePage - INFO - Sleep for 2 seconds
2019-03-19 13:46:09,145 - BasePage - INFO - Had take screenshot and save to folder : /screenshots
2019-03-19 13:46:11,506 - BasePage - INFO - 退出浏览器，结束测试.
2019-03-19 13:46:11,507 - BrowserEngine - INFO - You had select Chrome browser !
2019-03-19 13:46:11,508 - BrowserEngine - INFO - The test server url is: https://www.baidu.com
2019-03-19 13:46:13,851 - BrowserEngine - INFO - Starting Chrome browser.
2019-03-19 13:46:14,372 - BrowserEngine - INFO - Open url: https://www.baidu.com
2019-03-19 13:46:15,508 - BrowserEngine - INFO - Maximize the current window.
2019-03-19 13:46:15,513 - BrowserEngine - INFO - Set implicitly wait 10 seconds.
2019-03-19 13:46:15,528 - BasePage - INFO - Current page title is 百度一下，你就知道
2019-03-19 13:46:15,542 - BasePage - INFO - Current page title is 百度一下，你就知道
2019-03-19 13:46:17,883 - BasePage - INFO - 退出浏览器，结束测试.
2019-03-19 13:46:17,883 - BrowserEngine - INFO - You had select Chrome browser !
2019-03-19 13:46:17,883 - BrowserEngine - INFO - The test server url is: https://www.baidu.com
2019-03-19 13:46:20,162 - BrowserEngine - INFO - Starting Chrome browser.
2019-03-19 13:46:20,724 - BrowserEngine - INFO - Open url: https://www.baidu.com
2019-03-19 13:46:21,854 - BrowserEngine - INFO - Maximize the current window.
2019-03-19 13:46:21,859 - BrowserEngine - INFO - Set implicitly wait 10 seconds.
2019-03-19 13:46:21,891 - BasePage - INFO - Had find the element  successful by xpath via value: //*[@id='u1']/a[1] 
2019-03-19 13:46:23,780 - BasePage - INFO - The element  was clicked.
2019-03-19 13:46:25,781 - BasePage - INFO - Sleep for 2 seconds
2019-03-19 13:46:25,798 - BasePage - INFO - Had find the element  successful by xpath via value: //*[@id='channel-shanghai']/div/ul/li[7]/a 
2019-03-19 13:46:28,905 - BasePage - INFO - The element  was clicked.
2019-03-19 13:46:30,906 - BasePage - INFO - Sleep for 2 seconds
2019-03-19 13:46:30,945 - BasePage - INFO - Had find the element  successful by xpath via value: //*[@id='col_nba']/div[1]/div[2]/ul[1]/li[1]/a 
2019-03-19 13:46:31,137 - BasePage - INFO - The element  was clicked.
2019-03-19 13:46:33,137 - BasePage - INFO - Sleep for 2 seconds
2019-03-19 13:46:33,958 - BasePage - INFO - Had take screenshot and save to folder : /screenshots
2019-03-19 13:46:36,586 - BasePage - INFO - 退出浏览器，结束测试.
