2019-03-19 13:53:48,138 - BrowserEngine - INFO - You had select Chrome browser !
2019-03-19 13:53:48,138 - BrowserEngine - INFO - The test server url is: https://www.baidu.com
2019-03-19 13:53:50,420 - BrowserEngine - INFO - Starting Chrome browser.
2019-03-19 13:53:51,306 - BrowserEngine - INFO - Open url: https://www.baidu.com
2019-03-19 13:53:52,436 - BrowserEngine - INFO - Maximize the current window.
2019-03-19 13:53:52,440 - BrowserEngine - INFO - Set implicitly wait 10 seconds.
2019-03-19 13:53:52,461 - BasePage - INFO - Had find the element  successful by id via value: kw 
2019-03-19 13:53:52,686 - BasePage - INFO - Had type ' selenium ' in inputBox
2019-03-19 13:53:52,703 - BasePage - INFO - Had find the element  successful by xpath via value: //*[@id='su'] 
2019-03-19 13:53:52,781 - BasePage - INFO - The element  was clicked.
2019-03-19 13:53:54,781 - BasePage - INFO - Sleep for 2 seconds
2019-03-19 13:53:55,172 - BasePage - INFO - Had take screenshot and save to folder : /screenshots
2019-03-19 13:53:55,179 - BasePage - INFO - Current page title is selenium_百度搜索
2019-03-19 13:53:55,191 - BasePage - INFO - Had find the element  successful by id via value: kw 
2019-03-19 13:53:55,252 - BasePage - INFO - Had type ' 滑稽 ' in inputBox
2019-03-19 13:53:55,307 - BasePage - INFO - Had find the element  successful by xpath via value: //*[@id='su'] 
2019-03-19 13:53:55,370 - BasePage - INFO - The element  was clicked.
2019-03-19 13:53:57,370 - BasePage - INFO - Sleep for 2 seconds
2019-03-19 13:53:57,987 - BasePage - INFO - Had take screenshot and save to folder : /screenshots
2019-03-19 13:54:00,339 - BasePage - INFO - 退出浏览器，结束测试.
2019-03-19 13:54:00,341 - BrowserEngine - INFO - You had select Chrome browser !
2019-03-19 13:54:00,342 - BrowserEngine - INFO - The test server url is: https://www.baidu.com
2019-03-19 13:54:02,572 - BrowserEngine - INFO - Starting Chrome browser.
2019-03-19 13:54:03,318 - BrowserEngine - INFO - Open url: https://www.baidu.com
2019-03-19 13:54:04,450 - BrowserEngine - INFO - Maximize the current window.
2019-03-19 13:54:04,454 - BrowserEngine - INFO - Set implicitly wait 10 seconds.
2019-03-19 13:54:04,461 - BasePage - INFO - Current page title is 百度一下，你就知道
2019-03-19 13:54:06,780 - BasePage - INFO - 退出浏览器，结束测试.
2019-03-19 13:54:06,781 - BrowserEngine - INFO - You had select Chrome browser !
2019-03-19 13:54:06,781 - BrowserEngine - INFO - The test server url is: https://www.baidu.com
2019-03-19 13:54:08,996 - BrowserEngine - INFO - Starting Chrome browser.
2019-03-19 13:54:09,677 - BrowserEngine - INFO - Open url: https://www.baidu.com
2019-03-19 13:54:10,811 - BrowserEngine - INFO - Maximize the current window.
2019-03-19 13:54:10,815 - BrowserEngine - INFO - Set implicitly wait 10 seconds.
2019-03-19 13:54:10,839 - BasePage - INFO - Had find the element  successful by xpath via value: //*[@id='u1']/a[1] 
2019-03-19 13:54:14,776 - BasePage - INFO - The element  was clicked.
2019-03-19 13:54:16,777 - BasePage - INFO - Sleep for 2 seconds
2019-03-19 13:54:16,806 - BasePage - INFO - Had find the element  successful by xpath via value: //*[@id='channel-shanghai']/div/ul/li[7]/a 
2019-03-19 13:54:18,308 - BasePage - INFO - The element  was clicked.
2019-03-19 13:54:20,309 - BasePage - INFO - Sleep for 2 seconds
2019-03-19 13:54:20,327 - BasePage - INFO - Had find the element  successful by xpath via value: //*[@id='col_nba']/div[1]/div[2]/ul[1]/li[1]/a 
2019-03-19 13:54:20,510 - BasePage - INFO - The element  was clicked.
2019-03-19 13:54:22,512 - BasePage - INFO - Sleep for 2 seconds
2019-03-19 13:54:23,262 - BasePage - INFO - Had take screenshot and save to folder : /screenshots
2019-03-19 13:54:26,500 - BasePage - INFO - 退出浏览器，结束测试.
